#
# There is insufficient memory for the Java Runtime Environment to continue.
# Native memory allocation (malloc) failed to allocate 1422416 bytes for Chunk::new
# Possible reasons:
#   The system is out of physical RAM or swap space
#   The process is running with CompressedOops enabled, and the Java Heap may be blocking the growth of the native heap
# Possible solutions:
#   Reduce memory load on the system
#   Increase physical memory or swap space
#   Check if swap backing store is full
#   Decrease Java heap size (-Xmx/-Xms)
#   Decrease number of Java threads
#   Decrease Java thread stack sizes (-Xss)
#   Set larger code cache with -XX:ReservedCodeCacheSize=
#   JVM is running with Unscaled Compressed Oops mode in which the Java heap is
#     placed in the first 4GB address space. The Java Heap base address is the
#     maximum limit for the native heap growth. Please use -XX:HeapBaseMinAddress
#     to set the Java Heap base and to place the Java Heap above 4GB virtual address.
# This output file may be truncated or incomplete.
#
#  Out of Memory Error (arena.cpp:189), pid=51464, tid=52108
#
# JRE version: OpenJDK Runtime Environment Temurin-17.0.1+12 (17.0.1+12) (build 17.0.1+12)
# Java VM: OpenJDK 64-Bit Server VM Temurin-17.0.1+12 (17.0.1+12, mixed mode, tiered, compressed oops, compressed class ptrs, g1 gc, windows-amd64)
# No core dump will be written. Minidumps are not enabled by default on client versions of Windows
#

---------------  S U M M A R Y ------------

Command Line: -Dfile.encoding=Cp1252 -XX:+ShowCodeDetailsInExceptionMessages intro.A

Host: Intel(R) Core(TM) i5-7200U CPU @ 2.50GHz, 4 cores, 3G,  Windows 10 , 64 bit Build 19041 (10.0.19041.1023)
Time: Tue Dec  7 18:15:43 2021 India Standard Time elapsed time: 23.736584 seconds (0d 0h 0m 23s)

---------------  T H R E A D  ---------------

Current thread (0x0000015228035330):  JavaThread "C2 CompilerThread0" daemon [_thread_in_native, id=52108, stack(0x00000049f1d00000,0x00000049f1e00000)]


Current CompileTask:
C2:  23736 2686       4       groovy.lang.MetaClassImpl::addMetaMethodToIndex (65 bytes)

Stack: [0x00000049f1d00000,0x00000049f1e00000]
Native frames: (J=compiled Java code, j=interpreted, Vv=VM code, C=native code)
V  [jvm.dll+0x6744da]
V  [jvm.dll+0x82e144]
V  [jvm.dll+0x82f8ee]
V  [jvm.dll+0x82ff53]
V  [jvm.dll+0x245175]
V  [jvm.dll+0xab85b]
V  [jvm.dll+0xabdec]
V  [jvm.dll+0x362eb2]
V  [jvm.dll+0x32d4c1]
V  [jvm.dll+0x32c96a]
V  [jvm.dll+0x218031]
V  [jvm.dll+0x217451]
V  [jvm.dll+0x1a355d]
V  [jvm.dll+0x226e38]
V  [jvm.dll+0x224f7c]
V  [jvm.dll+0x7e3f5b]
V  [jvm.dll+0x7de51a]
V  [jvm.dll+0x673305]
C  [ucrtbase.dll+0x21bb2]
C  [KERNEL32.DLL+0x17034]
C  [ntdll.dll+0x52651]


---------------  P R O C E S S  ---------------

Threads class SMR info:
_java_thread_list=0x00000152281609b0, length=12, elements={
0x00000152103d20f0, 0x000001522742b8d0, 0x000001522742ca40, 0x000001522802d430,
0x0000015228033e10, 0x00000152280343d0, 0x0000015228034990, 0x0000015228035330,
0x0000015228091c00, 0x000001522748dd30, 0x0000015228194af0, 0x00000152281ac2e0
}

Java Threads: ( => current thread )
  0x00000152103d20f0 JavaThread "main" [_thread_in_native, id=50544, stack(0x00000049f1000000,0x00000049f1100000)]
  0x000001522742b8d0 JavaThread "Reference Handler" daemon [_thread_blocked, id=53216, stack(0x00000049f1700000,0x00000049f1800000)]
  0x000001522742ca40 JavaThread "Finalizer" daemon [_thread_blocked, id=16800, stack(0x00000049f1800000,0x00000049f1900000)]
  0x000001522802d430 JavaThread "Signal Dispatcher" daemon [_thread_blocked, id=55684, stack(0x00000049f1900000,0x00000049f1a00000)]
  0x0000015228033e10 JavaThread "Attach Listener" daemon [_thread_blocked, id=50548, stack(0x00000049f1a00000,0x00000049f1b00000)]
  0x00000152280343d0 JavaThread "Service Thread" daemon [_thread_blocked, id=56268, stack(0x00000049f1b00000,0x00000049f1c00000)]
  0x0000015228034990 JavaThread "Monitor Deflation Thread" daemon [_thread_blocked, id=15056, stack(0x00000049f1c00000,0x00000049f1d00000)]
=>0x0000015228035330 JavaThread "C2 CompilerThread0" daemon [_thread_in_native, id=52108, stack(0x00000049f1d00000,0x00000049f1e00000)]
  0x0000015228091c00 JavaThread "C1 CompilerThread0" daemon [_thread_blocked, id=51012, stack(0x00000049f1e00000,0x00000049f1f00000)]
  0x000001522748dd30 JavaThread "Sweeper thread" daemon [_thread_blocked, id=44912, stack(0x00000049f1f00000,0x00000049f2000000)]
  0x0000015228194af0 JavaThread "Notification Thread" daemon [_thread_blocked, id=13920, stack(0x00000049f2000000,0x00000049f2100000)]
  0x00000152281ac2e0 JavaThread "Common-Cleaner" daemon [_thread_blocked, id=43904, stack(0x00000049f2200000,0x00000049f2300000)]

Other Threads:
  0x0000015227458d20 VMThread "VM Thread" [stack: 0x00000049f1600000,0x00000049f1700000] [id=49560]
  0x0000015228196fd0 WatcherThread [stack: 0x00000049f2100000,0x00000049f2200000] [id=50700]
  0x0000015210400ba0 GCTaskThread "GC Thread#0" [stack: 0x00000049f1100000,0x00000049f1200000] [id=52036]
  0x0000015228810ab0 GCTaskThread "GC Thread#1" [stack: 0x00000049f2300000,0x00000049f2400000] [id=45624]
  0x0000015228877da0 GCTaskThread "GC Thread#2" [stack: 0x00000049f2400000,0x00000049f2500000] [id=41676]
  0x0000015228895550 GCTaskThread "GC Thread#3" [stack: 0x00000049f2500000,0x00000049f2600000] [id=55932]
  0x00000152104097a0 ConcurrentGCThread "G1 Main Marker" [stack: 0x00000049f1200000,0x00000049f1300000] [id=324]
  0x000001521040a1b0 ConcurrentGCThread "G1 Conc#0" [stack: 0x00000049f1300000,0x00000049f1400000] [id=47620]
  0x00000152272a0090 ConcurrentGCThread "G1 Refine#0" [stack: 0x00000049f1400000,0x00000049f1500000] [id=46204]
  0x00000152294b43c0 ConcurrentGCThread "G1 Refine#1" [stack: 0x00000049f2600000,0x00000049f2700000] [id=52640]
  0x00000152272a0ab0 ConcurrentGCThread "G1 Service" [stack: 0x00000049f1500000,0x00000049f1600000] [id=30808]

Threads with active compile tasks:
C2 CompilerThread0    23853 2686       4       groovy.lang.MetaClassImpl::addMetaMethodToIndex (65 bytes)

VM state: not at safepoint (normal execution)

VM Mutex/Monitor currently owned by a thread: None

Heap address: 0x00000000c1a00000, size: 998 MB, Compressed Oops mode: 32-bit

CDS archive(s) not mapped
Compressed class space mapped at: 0x0000000100000000-0x0000000140000000, reserved size: 1073741824
Narrow klass base: 0x0000000000000000, Narrow klass shift: 3, Narrow klass range: 0x140000000

GC Precious Log:
 CPUs: 4 total, 4 available
 Memory: 3991M
 Large Page Support: Disabled
 NUMA Support: Disabled
 Compressed Oops: Enabled (32-bit)
 Heap Region Size: 1M
 Heap Min Capacity: 8M
 Heap Initial Capacity: 64M
 Heap Max Capacity: 998M
 Pre-touch: Disabled
 Parallel Workers: 4
 Concurrent Workers: 1
 Concurrent Refinement Workers: 4
 Periodic GC: Disabled

Heap:
 garbage-first heap   total 61440K, used 24730K [0x00000000c1a00000, 0x0000000100000000)
  region size 1024K, 11 young (11264K), 4 survivors (4096K)
 Metaspace       used 30125K, committed 30720K, reserved 1081344K
  class space    used 3334K, committed 3584K, reserved 1048576K

Heap Regions: E=young(eden), S=young(survivor), O=old, HS=humongous(starts), HC=humongous(continues), CS=collection set, F=free, OA=open archive, CA=closed archive, TAMS=top-at-mark-start (previous, next)
|   0|0x00000000c1a00000, 0x00000000c1b00000, 0x00000000c1b00000|100%| O|  |TAMS 0x00000000c1b00000, 0x00000000c1a00000| Untracked 
|   1|0x00000000c1b00000, 0x00000000c1c00000, 0x00000000c1c00000|100%| O|  |TAMS 0x00000000c1c00000, 0x00000000c1b00000| Untracked 
|   2|0x00000000c1c00000, 0x00000000c1d00000, 0x00000000c1d00000|100%| O|  |TAMS 0x00000000c1d00000, 0x00000000c1c00000| Untracked 
|   3|0x00000000c1d00000, 0x00000000c1e00000, 0x00000000c1e00000|100%| O|  |TAMS 0x00000000c1e00000, 0x00000000c1d00000| Untracked 
|   4|0x00000000c1e00000, 0x00000000c1f00000, 0x00000000c1f00000|100%| O|  |TAMS 0x00000000c1f00000, 0x00000000c1e00000| Untracked 
|   5|0x00000000c1f00000, 0x00000000c2000000, 0x00000000c2000000|100%| O|  |TAMS 0x00000000c2000000, 0x00000000c1f00000| Untracked 
|   6|0x00000000c2000000, 0x00000000c2100000, 0x00000000c2100000|100%| O|  |TAMS 0x00000000c2100000, 0x00000000c2000000| Untracked 
|   7|0x00000000c2100000, 0x00000000c2200000, 0x00000000c2200000|100%| O|  |TAMS 0x00000000c2186200, 0x00000000c2100000| Untracked 
|   8|0x00000000c2200000, 0x00000000c2300000, 0x00000000c2300000|100%| O|  |TAMS 0x00000000c2200000, 0x00000000c2200000| Untracked 
|   9|0x00000000c2300000, 0x00000000c2400000, 0x00000000c2400000|100%| O|  |TAMS 0x00000000c2300000, 0x00000000c2300000| Untracked 
|  10|0x00000000c2400000, 0x00000000c2500000, 0x00000000c2500000|100%| O|  |TAMS 0x00000000c2400000, 0x00000000c2400000| Untracked 
|  11|0x00000000c2500000, 0x00000000c2600000, 0x00000000c2600000|100%| O|  |TAMS 0x00000000c2500000, 0x00000000c2500000| Untracked 
|  12|0x00000000c2600000, 0x00000000c26b0a00, 0x00000000c2700000| 68%| O|  |TAMS 0x00000000c2600000, 0x00000000c2600000| Untracked 
|  13|0x00000000c2700000, 0x00000000c2800000, 0x00000000c2800000|100%| O|  |TAMS 0x00000000c2700000, 0x00000000c2700000| Untracked 
|  14|0x00000000c2800000, 0x00000000c2900000, 0x00000000c2900000|100%| O|  |TAMS 0x00000000c2800000, 0x00000000c2800000| Untracked 
|  15|0x00000000c2900000, 0x00000000c2976000, 0x00000000c2a00000| 46%| O|  |TAMS 0x00000000c2900000, 0x00000000c2900000| Untracked 
|  16|0x00000000c2a00000, 0x00000000c2a00000, 0x00000000c2b00000|  0%| F|  |TAMS 0x00000000c2a00000, 0x00000000c2a00000| Untracked 
|  17|0x00000000c2b00000, 0x00000000c2b00000, 0x00000000c2c00000|  0%| F|  |TAMS 0x00000000c2b00000, 0x00000000c2b00000| Untracked 
|  18|0x00000000c2c00000, 0x00000000c2c00000, 0x00000000c2d00000|  0%| F|  |TAMS 0x00000000c2c00000, 0x00000000c2c00000| Untracked 
|  19|0x00000000c2d00000, 0x00000000c2d00000, 0x00000000c2e00000|  0%| F|  |TAMS 0x00000000c2d00000, 0x00000000c2d00000| Untracked 
|  20|0x00000000c2e00000, 0x00000000c2e00000, 0x00000000c2f00000|  0%| F|  |TAMS 0x00000000c2e00000, 0x00000000c2e00000| Untracked 
|  21|0x00000000c2f00000, 0x00000000c2f00000, 0x00000000c3000000|  0%| F|  |TAMS 0x00000000c2f00000, 0x00000000c2f00000| Untracked 
|  22|0x00000000c3000000, 0x00000000c3000000, 0x00000000c3100000|  0%| F|  |TAMS 0x00000000c3000000, 0x00000000c3000000| Untracked 
|  23|0x00000000c3100000, 0x00000000c3100000, 0x00000000c3200000|  0%| F|  |TAMS 0x00000000c3100000, 0x00000000c3100000| Untracked 
|  24|0x00000000c3200000, 0x00000000c3200000, 0x00000000c3300000|  0%| F|  |TAMS 0x00000000c3200000, 0x00000000c3200000| Untracked 
|  25|0x00000000c3300000, 0x00000000c3300000, 0x00000000c3400000|  0%| F|  |TAMS 0x00000000c3300000, 0x00000000c3300000| Untracked 
|  26|0x00000000c3400000, 0x00000000c3500000, 0x00000000c3500000|100%| S|CS|TAMS 0x00000000c3400000, 0x00000000c3400000| Complete 
|  27|0x00000000c3500000, 0x00000000c3600000, 0x00000000c3600000|100%| S|CS|TAMS 0x00000000c3500000, 0x00000000c3500000| Complete 
|  28|0x00000000c3600000, 0x00000000c3700000, 0x00000000c3700000|100%| S|CS|TAMS 0x00000000c3600000, 0x00000000c3600000| Complete 
|  29|0x00000000c3700000, 0x00000000c3800000, 0x00000000c3800000|100%| S|CS|TAMS 0x00000000c3700000, 0x00000000c3700000| Complete 
|  30|0x00000000c3800000, 0x00000000c3800000, 0x00000000c3900000|  0%| F|  |TAMS 0x00000000c3800000, 0x00000000c3800000| Untracked 
|  31|0x00000000c3900000, 0x00000000c3900000, 0x00000000c3a00000|  0%| F|  |TAMS 0x00000000c3900000, 0x00000000c3900000| Untracked 
|  32|0x00000000c3a00000, 0x00000000c3a00000, 0x00000000c3b00000|  0%| F|  |TAMS 0x00000000c3a00000, 0x00000000c3a00000| Untracked 
|  33|0x00000000c3b00000, 0x00000000c3b00000, 0x00000000c3c00000|  0%| F|  |TAMS 0x00000000c3b00000, 0x00000000c3b00000| Untracked 
|  34|0x00000000c3c00000, 0x00000000c3c00000, 0x00000000c3d00000|  0%| F|  |TAMS 0x00000000c3c00000, 0x00000000c3c00000| Untracked 
|  35|0x00000000c3d00000, 0x00000000c3d00000, 0x00000000c3e00000|  0%| F|  |TAMS 0x00000000c3d00000, 0x00000000c3d00000| Untracked 
|  36|0x00000000c3e00000, 0x00000000c3e00000, 0x00000000c3f00000|  0%| F|  |TAMS 0x00000000c3e00000, 0x00000000c3e00000| Untracked 
|  37|0x00000000c3f00000, 0x00000000c3f00000, 0x00000000c4000000|  0%| F|  |TAMS 0x00000000c3f00000, 0x00000000c3f00000| Untracked 
|  38|0x00000000c4000000, 0x00000000c4000000, 0x00000000c4100000|  0%| F|  |TAMS 0x00000000c4000000, 0x00000000c4000000| Untracked 
|  39|0x00000000c4100000, 0x00000000c4100000, 0x00000000c4200000|  0%| F|  |TAMS 0x00000000c4100000, 0x00000000c4100000| Untracked 
|  40|0x00000000c4200000, 0x00000000c4200000, 0x00000000c4300000|  0%| F|  |TAMS 0x00000000c4200000, 0x00000000c4200000| Untracked 
|  41|0x00000000c4300000, 0x00000000c4300000, 0x00000000c4400000|  0%| F|  |TAMS 0x00000000c4300000, 0x00000000c4300000| Untracked 
|  42|0x00000000c4400000, 0x00000000c4400000, 0x00000000c4500000|  0%| F|  |TAMS 0x00000000c4400000, 0x00000000c4400000| Untracked 
|  43|0x00000000c4500000, 0x00000000c4500000, 0x00000000c4600000|  0%| F|  |TAMS 0x00000000c4500000, 0x00000000c4500000| Untracked 
|  44|0x00000000c4600000, 0x00000000c4600000, 0x00000000c4700000|  0%| F|  |TAMS 0x00000000c4600000, 0x00000000c4600000| Untracked 
|  45|0x00000000c4700000, 0x00000000c4700000, 0x00000000c4800000|  0%| F|  |TAMS 0x00000000c4700000, 0x00000000c4700000| Untracked 
|  46|0x00000000c4800000, 0x00000000c4800000, 0x00000000c4900000|  0%| F|  |TAMS 0x00000000c4800000, 0x00000000c4800000| Untracked 
|  47|0x00000000c4900000, 0x00000000c4900000, 0x00000000c4a00000|  0%| F|  |TAMS 0x00000000c4900000, 0x00000000c4900000| Untracked 
|  48|0x00000000c4a00000, 0x00000000c4a00000, 0x00000000c4b00000|  0%| F|  |TAMS 0x00000000c4a00000, 0x00000000c4a00000| Untracked 
|  49|0x00000000c4b00000, 0x00000000c4b00000, 0x00000000c4c00000|  0%| F|  |TAMS 0x00000000c4b00000, 0x00000000c4b00000| Untracked 
|  50|0x00000000c4c00000, 0x00000000c4c00000, 0x00000000c4d00000|  0%| F|  |TAMS 0x00000000c4c00000, 0x00000000c4c00000| Untracked 
|  51|0x00000000c4d00000, 0x00000000c4d00000, 0x00000000c4e00000|  0%| F|  |TAMS 0x00000000c4d00000, 0x00000000c4d00000| Untracked 
|  52|0x00000000c4e00000, 0x00000000c4e00000, 0x00000000c4f00000|  0%| F|  |TAMS 0x00000000c4e00000, 0x00000000c4e00000| Untracked 
|  53|0x00000000c4f00000, 0x00000000c4f700f0, 0x00000000c5000000| 43%| E|  |TAMS 0x00000000c4f00000, 0x00000000c4f00000| Complete 
|  54|0x00000000c5000000, 0x00000000c5100000, 0x00000000c5100000|100%| E|CS|TAMS 0x00000000c5000000, 0x00000000c5000000| Complete 
|  59|0x00000000c5500000, 0x00000000c5600000, 0x00000000c5600000|100%| E|CS|TAMS 0x00000000c5500000, 0x00000000c5500000| Complete 
|  60|0x00000000c5600000, 0x00000000c5700000, 0x00000000c5700000|100%| E|CS|TAMS 0x00000000c5600000, 0x00000000c5600000| Complete 
|  61|0x00000000c5700000, 0x00000000c5800000, 0x00000000c5800000|100%| E|CS|TAMS 0x00000000c5700000, 0x00000000c5700000| Complete 
|  62|0x00000000c5800000, 0x00000000c5900000, 0x00000000c5900000|100%| E|  |TAMS 0x00000000c5800000, 0x00000000c5800000| Complete 
|  63|0x00000000c5900000, 0x00000000c5a00000, 0x00000000c5a00000|100%| E|CS|TAMS 0x00000000c5900000, 0x00000000c5900000| Complete 

Card table byte_map: [0x0000015222c20000,0x0000015222e20000] _byte_map_base: 0x0000015222613000

Marking Bits (Prev, Next): (CMBitMap*) 0x00000152104011f0, (CMBitMap*) 0x00000152104011b0
 Prev Bits: [0x0000015223fc0000, 0x0000015224f58000)
 Next Bits: [0x0000015223020000, 0x0000015223fb8000)

Polling page: 0x000001520fa70000

Metaspace:

Usage:
  Non-class:     26.17 MB used.
      Class:      3.26 MB used.
       Both:     29.42 MB used.

Virtual space:
  Non-class space:       32.00 MB reserved,      26.50 MB ( 83%) committed,  4 nodes.
      Class space:        1.00 GB reserved,       3.50 MB ( <1%) committed,  1 nodes.
             Both:        1.03 GB reserved,      30.00 MB (  3%) committed. 

Chunk freelists:
   Non-Class:  1.32 MB
       Class:  525.00 KB
        Both:  1.84 MB

MaxMetaspaceSize: unlimited
CompressedClassSpaceSize: 1.00 GB
Initial GC threshold: 21.00 MB
Current GC threshold: 35.25 MB
CDS: off
MetaspaceReclaimPolicy: balanced
 - commit_granule_bytes: 65536.
 - commit_granule_words: 8192.
 - virtual_space_node_default_size: 1048576.
 - enlarge_chunks_in_place: 1.
 - new_chunks_are_fully_committed: 0.
 - uncommit_free_chunks: 1.
 - use_allocation_guard: 0.
 - handle_deallocations: 1.


Internal statistics:

num_allocs_failed_limit: 3.
num_arena_births: 312.
num_arena_deaths: 0.
num_vsnodes_births: 5.
num_vsnodes_deaths: 0.
num_space_committed: 480.
num_space_uncommitted: 0.
num_chunks_returned_to_freelist: 3.
num_chunks_taken_from_freelist: 1030.
num_chunk_merges: 0.
num_chunk_splits: 596.
num_chunks_enlarged: 315.
num_purges: 0.
num_inconsistent_stats: 0.

CodeHeap 'non-profiled nmethods': size=120000Kb used=999Kb max_used=999Kb free=119001Kb
 bounds [0x000001521b4f0000, 0x000001521b760000, 0x0000015222a20000]
CodeHeap 'profiled nmethods': size=120000Kb used=5385Kb max_used=5385Kb free=114614Kb
 bounds [0x0000015213fc0000, 0x0000015214510000, 0x000001521b4f0000]
CodeHeap 'non-nmethods': size=5760Kb used=2257Kb max_used=2324Kb free=3502Kb
 bounds [0x0000015213a20000, 0x0000015213c90000, 0x0000015213fc0000]
 total_blobs=3466 nmethods=2714 adapters=664
 compilation: enabled
              stopped_count=0, restarted_count=0
 full_count=0

Compilation events (20 events):
Event: 23.683 Thread 0x0000015228091c00 2697       2       groovyjarjarantlr.InputBuffer::LA (21 bytes)
Event: 23.683 Thread 0x0000015228091c00 nmethod 2697 0x00000152144f5310 code [0x00000152144f54c0, 0x00000152144f5648]
Event: 23.683 Thread 0x0000015228091c00 2699   !   2       groovyjarjarantlr.CharBuffer::fill (52 bytes)
Event: 23.683 Thread 0x0000015228091c00 nmethod 2699 0x00000152144f5790 code [0x00000152144f5960, 0x00000152144f5c38]
Event: 23.683 Thread 0x0000015228091c00 2698       2       groovyjarjarantlr.InputBuffer::syncConsume (48 bytes)
Event: 23.684 Thread 0x0000015228091c00 nmethod 2698 0x00000152144f5e90 code [0x00000152144f6020, 0x00000152144f61b8]
Event: 23.684 Thread 0x0000015228091c00 2700       2       groovyjarjarantlr.CharQueue::elementAt (17 bytes)
Event: 23.684 Thread 0x0000015228091c00 nmethod 2700 0x00000152144f6290 code [0x00000152144f6420, 0x00000152144f6558]
Event: 23.685 Thread 0x0000015228091c00 2701       1       groovyjarjarantlr.Token::getType (5 bytes)
Event: 23.685 Thread 0x0000015228091c00 nmethod 2701 0x000001521b5e7210 code [0x000001521b5e73a0, 0x000001521b5e7478]
Event: 23.697 Thread 0x0000015228091c00 2703       2       org.codehaus.groovy.ast.ASTNode::<init> (30 bytes)
Event: 23.697 Thread 0x0000015228091c00 nmethod 2703 0x00000152144f6610 code [0x00000152144f67a0, 0x00000152144f68f8]
Event: 23.697 Thread 0x0000015228091c00 2704       2       org.codehaus.groovy.ast.ClassNode::redirect (17 bytes)
Event: 23.698 Thread 0x0000015228091c00 nmethod 2704 0x00000152144f6990 code [0x00000152144f6b40, 0x00000152144f6cc8]
Event: 23.708 Thread 0x0000015228091c00 2705       2       org.codehaus.groovy.ast.AnnotatedNode::<init> (12 bytes)
Event: 23.708 Thread 0x0000015228091c00 nmethod 2705 0x00000152144f6e10 code [0x00000152144f6fa0, 0x00000152144f7158]
Event: 23.709 Thread 0x0000015228091c00 2706       2       org.codehaus.groovy.ast.ClassHelper::make (58 bytes)
Event: 23.710 Thread 0x0000015228091c00 nmethod 2706 0x00000152144f7210 code [0x00000152144f7400, 0x00000152144f76a8]
Event: 23.720 Thread 0x0000015228091c00 2707       2       java.util.Collections$EmptyList::iterator (4 bytes)
Event: 23.720 Thread 0x0000015228091c00 nmethod 2707 0x00000152144f7890 code [0x00000152144f7a20, 0x00000152144f7b38]

GC Heap History (10 events):
Event: 1.168 GC heap before
{Heap before GC invocations=0 (full 0):
 garbage-first heap   total 65536K, used 12288K [0x00000000c1a00000, 0x0000000100000000)
  region size 1024K, 13 young (13312K), 0 survivors (0K)
 Metaspace       used 9011K, committed 9152K, reserved 1064960K
  class space    used 757K, committed 832K, reserved 1048576K
}
Event: 1.175 GC heap after
{Heap after GC invocations=1 (full 0):
 garbage-first heap   total 65536K, used 2556K [0x00000000c1a00000, 0x0000000100000000)
  region size 1024K, 2 young (2048K), 2 survivors (2048K)
 Metaspace       used 9011K, committed 9152K, reserved 1064960K
  class space    used 757K, committed 832K, reserved 1048576K
}
Event: 2.095 GC heap before
{Heap before GC invocations=1 (full 0):
 garbage-first heap   total 65536K, used 20988K [0x00000000c1a00000, 0x0000000100000000)
  region size 1024K, 18 young (18432K), 2 survivors (2048K)
 Metaspace       used 13314K, committed 13440K, reserved 1064960K
  class space    used 1187K, committed 1280K, reserved 1048576K
}
Event: 2.105 GC heap after
{Heap after GC invocations=2 (full 0):
 garbage-first heap   total 65536K, used 5945K [0x00000000c1a00000, 0x0000000100000000)
  region size 1024K, 3 young (3072K), 3 survivors (3072K)
 Metaspace       used 13314K, committed 13440K, reserved 1064960K
  class space    used 1187K, committed 1280K, reserved 1048576K
}
Event: 3.448 GC heap before
{Heap before GC invocations=2 (full 0):
 garbage-first heap   total 65536K, used 41785K [0x00000000c1a00000, 0x0000000100000000)
  region size 1024K, 38 young (38912K), 3 survivors (3072K)
 Metaspace       used 21141K, committed 21504K, reserved 1073152K
  class space    used 2183K, committed 2368K, reserved 1048576K
}
Event: 3.475 GC heap after
{Heap after GC invocations=3 (full 0):
 garbage-first heap   total 65536K, used 12824K [0x00000000c1a00000, 0x0000000100000000)
  region size 1024K, 5 young (5120K), 5 survivors (5120K)
 Metaspace       used 21141K, committed 21504K, reserved 1073152K
  class space    used 2183K, committed 2368K, reserved 1048576K
}
Event: 3.475 GC heap before
{Heap before GC invocations=3 (full 0):
 garbage-first heap   total 65536K, used 12824K [0x00000000c1a00000, 0x0000000100000000)
  region size 1024K, 6 young (6144K), 5 survivors (5120K)
 Metaspace       used 21141K, committed 21504K, reserved 1073152K
  class space    used 2183K, committed 2368K, reserved 1048576K
}
Event: 3.489 GC heap after
{Heap after GC invocations=4 (full 0):
 garbage-first heap   total 65536K, used 13437K [0x00000000c1a00000, 0x0000000100000000)
  region size 1024K, 1 young (1024K), 1 survivors (1024K)
 Metaspace       used 21141K, committed 21504K, reserved 1073152K
  class space    used 2183K, committed 2368K, reserved 1048576K
}
Event: 23.346 GC heap before
{Heap before GC invocations=5 (full 0):
 garbage-first heap   total 61440K, used 43133K [0x00000000c1a00000, 0x0000000100000000)
  region size 1024K, 30 young (30720K), 1 survivors (1024K)
 Metaspace       used 28120K, committed 28672K, reserved 1081344K
  class space    used 3135K, committed 3328K, reserved 1048576K
}
Event: 23.375 GC heap after
{Heap after GC invocations=6 (full 0):
 garbage-first heap   total 61440K, used 19610K [0x00000000c1a00000, 0x0000000100000000)
  region size 1024K, 4 young (4096K), 4 survivors (4096K)
 Metaspace       used 28120K, committed 28672K, reserved 1081344K
  class space    used 3135K, committed 3328K, reserved 1048576K
}

Deoptimization events (20 events):
Event: 22.779 Thread 0x00000152103d20f0 DEOPT PACKING pc=0x000001521b572c48 sp=0x00000049f10fad00
Event: 22.779 Thread 0x00000152103d20f0 DEOPT UNPACKING pc=0x0000015213a723a3 sp=0x00000049f10fac80 mode 2
Event: 22.865 Thread 0x00000152103d20f0 Uncommon trap: trap_request=0xffffff45 fr.pc=0x000001521b5b3128 relative=0x00000000000000a8
Event: 22.865 Thread 0x00000152103d20f0 Uncommon trap: reason=unstable_if action=reinterpret pc=0x000001521b5b3128 method=java.lang.CharacterDataLatin1.digit(II)I @ 7 c2
Event: 22.865 Thread 0x00000152103d20f0 DEOPT PACKING pc=0x000001521b5b3128 sp=0x00000049f10f5700
Event: 22.865 Thread 0x00000152103d20f0 DEOPT UNPACKING pc=0x0000015213a723a3 sp=0x00000049f10f5680 mode 2
Event: 22.988 Thread 0x00000152103d20f0 DEOPT PACKING pc=0x0000015214474bd6 sp=0x00000049f10fd710
Event: 22.988 Thread 0x00000152103d20f0 DEOPT UNPACKING pc=0x0000015213a72b43 sp=0x00000049f10fcb98 mode 0
Event: 23.020 Thread 0x00000152103d20f0 Uncommon trap: trap_request=0xffffffde fr.pc=0x000001521b5c63d8 relative=0x00000000000000b8
Event: 23.020 Thread 0x00000152103d20f0 Uncommon trap: reason=class_check action=maybe_recompile pc=0x000001521b5c63d8 method=java.lang.Character.isWhitespace(I)Z @ 5 c2
Event: 23.020 Thread 0x00000152103d20f0 DEOPT PACKING pc=0x000001521b5c63d8 sp=0x00000049f10fe560
Event: 23.020 Thread 0x00000152103d20f0 DEOPT UNPACKING pc=0x0000015213a723a3 sp=0x00000049f10fe498 mode 2
Event: 23.240 Thread 0x00000152103d20f0 Uncommon trap: trap_request=0xffffffde fr.pc=0x000001521b5b7264 relative=0x00000000000002c4
Event: 23.240 Thread 0x00000152103d20f0 Uncommon trap: reason=class_check action=maybe_recompile pc=0x000001521b5b7264 method=java.util.regex.Matcher.search(I)Z @ 121 c2
Event: 23.240 Thread 0x00000152103d20f0 DEOPT PACKING pc=0x000001521b5b7264 sp=0x00000049f10fe860
Event: 23.240 Thread 0x00000152103d20f0 DEOPT UNPACKING pc=0x0000015213a723a3 sp=0x00000049f10fe7f0 mode 2
Event: 23.333 Thread 0x00000152103d20f0 DEOPT PACKING pc=0x0000015214474bd6 sp=0x00000049f10f7060
Event: 23.333 Thread 0x00000152103d20f0 DEOPT UNPACKING pc=0x0000015213a72b43 sp=0x00000049f10f64e8 mode 0
Event: 23.719 Thread 0x00000152103d20f0 DEOPT PACKING pc=0x0000015214474bd6 sp=0x00000049f10fbfc0
Event: 23.719 Thread 0x00000152103d20f0 DEOPT UNPACKING pc=0x0000015213a72b43 sp=0x00000049f10fb448 mode 0

Classes unloaded (0 events):
No events

Classes redefined (0 events):
No events

Internal exceptions (20 events):
Event: 23.200 Thread 0x00000152103d20f0 Exception <a 'java/lang/ClassNotFoundException'{0x00000000c3abb318}: io/restassured/internal/assertion/GetAtPathFragmentEscaperBeanInfo> (0x00000000c3abb318) 
thrown [e:\jenkins\tmp\workspace\build\src\src\hotspot\share\classfile\systemDictionary.cpp, line 256]
Event: 23.201 Thread 0x00000152103d20f0 Exception <a 'java/lang/ClassNotFoundException'{0x00000000c3abd6c8}: io/restassured/internal/assertion/GetAtPathFragmentEscaperCustomizer> (0x00000000c3abd6c8) 
thrown [e:\jenkins\tmp\workspace\build\src\src\hotspot\share\classfile\systemDictionary.cpp, line 256]
Event: 23.202 Thread 0x00000152103d20f0 Exception <a 'java/lang/ClassNotFoundException'{0x00000000c3ac4378}: io/restassured/internal/assertion/AssertionSupport$2Customizer> (0x00000000c3ac4378) 
thrown [e:\jenkins\tmp\workspace\build\src\src\hotspot\share\classfile\systemDictionary.cpp, line 256]
Event: 23.207 Thread 0x00000152103d20f0 Exception <a 'java/lang/ClassNotFoundException'{0x00000000c3ae9848}: io/restassured/internal/assertion/AssertionSupport$3BeanInfo> (0x00000000c3ae9848) 
thrown [e:\jenkins\tmp\workspace\build\src\src\hotspot\share\classfile\systemDictionary.cpp, line 256]
Event: 23.208 Thread 0x00000152103d20f0 Exception <a 'java/lang/ClassNotFoundException'{0x00000000c3aebb48}: io/restassured/internal/assertion/AssertionSupport$3Customizer> (0x00000000c3aebb48) 
thrown [e:\jenkins\tmp\workspace\build\src\src\hotspot\share\classfile\systemDictionary.cpp, line 256]
Event: 23.213 Thread 0x00000152103d20f0 Exception <a 'java/lang/ClassNotFoundException'{0x00000000c3af5980}: groovy/runtime/metaclass/[Lio/restassured/internal/assertion/PathFragmentEscaper;MetaClass> (0x00000000c3af5980) 
thrown [e:\jenkins\tmp\workspace\build\src\src\hotspot\share\prims\jni.cpp, line 535]
Event: 23.213 Thread 0x00000152103d20f0 Exception <a 'java/lang/ClassNotFoundException'{0x00000000c3afaeb8}: [Lio/restassured/internal/assertion/PathFragmentEscaper;BeanInfo> (0x00000000c3afaeb8) 
thrown [e:\jenkins\tmp\workspace\build\src\src\hotspot\share\prims\jni.cpp, line 535]
Event: 23.214 Thread 0x00000152103d20f0 Exception <a 'java/lang/ClassNotFoundException'{0x00000000c3afb498}: [Lio/restassured/internal/assertion/PathFragmentEscaper;BeanInfo> (0x00000000c3afb498) 
thrown [e:\jenkins\tmp\workspace\build\src\src\hotspot\share\prims\jni.cpp, line 535]
Event: 23.214 Thread 0x00000152103d20f0 Exception <a 'java/lang/ClassNotFoundException'{0x00000000c3afba78}: [Lio/restassured/internal/assertion/PathFragmentEscaper;BeanInfo> (0x00000000c3afba78) 
thrown [e:\jenkins\tmp\workspace\build\src\src\hotspot\share\prims\jni.cpp, line 535]
Event: 23.214 Thread 0x00000152103d20f0 Exception <a 'java/lang/ClassNotFoundException'{0x00000000c3afc158}: [Lio/restassured/internal/assertion/PathFragmentEscaper;Customizer> (0x00000000c3afc158) 
thrown [e:\jenkins\tmp\workspace\build\src\src\hotspot\share\prims\jni.cpp, line 535]
Event: 23.214 Thread 0x00000152103d20f0 Exception <a 'java/lang/ClassNotFoundException'{0x00000000c3afc740}: [Lio/restassured/internal/assertion/PathFragmentEscaper;Customizer> (0x00000000c3afc740) 
thrown [e:\jenkins\tmp\workspace\build\src\src\hotspot\share\prims\jni.cpp, line 535]
Event: 23.214 Thread 0x00000152103d20f0 Exception <a 'java/lang/ClassNotFoundException'{0x00000000c3afcd28}: [Lio/restassured/internal/assertion/PathFragmentEscaper;Customizer> (0x00000000c3afcd28) 
thrown [e:\jenkins\tmp\workspace\build\src\src\hotspot\share\prims\jni.cpp, line 535]
Event: 23.220 Thread 0x00000152103d20f0 Exception <a 'java/lang/ClassNotFoundException'{0x00000000c3928150}: java/lang/CharacterBeanInfo> (0x00000000c3928150) 
thrown [e:\jenkins\tmp\workspace\build\src\src\hotspot\share\classfile\systemDictionary.cpp, line 256]
Event: 23.220 Thread 0x00000152103d20f0 Exception <a 'java/lang/ClassNotFoundException'{0x00000000c3929398}: java/lang/CharacterCustomizer> (0x00000000c3929398) 
thrown [e:\jenkins\tmp\workspace\build\src\src\hotspot\share\classfile\systemDictionary.cpp, line 256]
Event: 23.231 Thread 0x00000152103d20f0 Exception <a 'java/lang/ClassNotFoundException'{0x00000000c397bc10}: org/apache/commons/lang3/math/NumberUtilsBeanInfo> (0x00000000c397bc10) 
thrown [e:\jenkins\tmp\workspace\build\src\src\hotspot\share\classfile\systemDictionary.cpp, line 256]
Event: 23.231 Thread 0x00000152103d20f0 Exception <a 'java/lang/ClassNotFoundException'{0x00000000c397de28}: org/apache/commons/lang3/math/NumberUtilsCustomizer> (0x00000000c397de28) 
thrown [e:\jenkins\tmp\workspace\build\src\src\hotspot\share\classfile\systemDictionary.cpp, line 256]
Event: 23.244 Thread 0x00000152103d20f0 Exception <a 'java/lang/ClassNotFoundException'{0x00000000c39cba28}: groovy/lang/BindingBeanInfo> (0x00000000c39cba28) 
thrown [e:\jenkins\tmp\workspace\build\src\src\hotspot\share\classfile\systemDictionary.cpp, line 256]
Event: 23.244 Thread 0x00000152103d20f0 Exception <a 'java/lang/ClassNotFoundException'{0x00000000c39cda28}: groovy/lang/BindingCustomizer> (0x00000000c39cda28) 
thrown [e:\jenkins\tmp\workspace\build\src\src\hotspot\share\classfile\systemDictionary.cpp, line 256]
Event: 23.255 Thread 0x00000152103d20f0 Exception <a 'java/lang/ClassNotFoundException'{0x00000000c39efee0}: groovy/lang/GroovyShellBeanInfo> (0x00000000c39efee0) 
thrown [e:\jenkins\tmp\workspace\build\src\src\hotspot\share\classfile\systemDictionary.cpp, line 256]
Event: 23.256 Thread 0x00000152103d20f0 Exception <a 'java/lang/ClassNotFoundException'{0x00000000c39f1f58}: groovy/lang/GroovyShellCustomizer> (0x00000000c39f1f58) 
thrown [e:\jenkins\tmp\workspace\build\src\src\hotspot\share\classfile\systemDictionary.cpp, line 256]

VM Operations (20 events):
Event: 4.736 Executing VM operation: Cleanup
Event: 4.737 Executing VM operation: Cleanup done
Event: 15.816 Executing VM operation: Cleanup
Event: 15.816 Executing VM operation: Cleanup done
Event: 16.831 Executing VM operation: Cleanup
Event: 16.832 Executing VM operation: Cleanup done
Event: 17.834 Executing VM operation: Cleanup
Event: 17.834 Executing VM operation: Cleanup done
Event: 22.896 Executing VM operation: Cleanup
Event: 22.896 Executing VM operation: Cleanup done
Event: 23.003 Executing VM operation: HandshakeAllThreads
Event: 23.003 Executing VM operation: HandshakeAllThreads done
Event: 23.003 Executing VM operation: HandshakeAllThreads
Event: 23.004 Executing VM operation: HandshakeAllThreads done
Event: 23.089 Executing VM operation: HandshakeAllThreads
Event: 23.089 Executing VM operation: HandshakeAllThreads done
Event: 23.301 Executing VM operation: HandshakeAllThreads
Event: 23.301 Executing VM operation: HandshakeAllThreads done
Event: 23.346 Executing VM operation: G1CollectForAllocation
Event: 23.375 Executing VM operation: G1CollectForAllocation done

Events (20 events):
Event: 23.217 loading class java/lang/Character$CharacterCache
Event: 23.217 loading class java/lang/Character$CharacterCache done
Event: 23.220 loading class java/lang/CharacterBeanInfo
Event: 23.220 loading class java/lang/CharacterBeanInfo done
Event: 23.220 loading class java/lang/CharacterBeanInfo
Event: 23.220 loading class java/lang/CharacterBeanInfo done
Event: 23.220 loading class java/lang/CharacterCustomizer
Event: 23.220 loading class java/lang/CharacterCustomizer done
Event: 23.220 loading class java/lang/CharacterCustomizer
Event: 23.220 loading class java/lang/CharacterCustomizer done
Event: 23.229 loading class java/lang/Short$ShortCache
Event: 23.229 loading class java/lang/Short$ShortCache done
Event: 23.473 loading class java/net/URLClassLoader$3
Event: 23.474 loading class java/net/URLClassLoader$3 done
Event: 23.478 loading class java/net/URLClassLoader$3$1
Event: 23.478 loading class java/net/URLClassLoader$3$1 done
Event: 23.711 loading class java/net/URLClassLoader$1
Event: 23.711 loading class java/net/URLClassLoader$1 done
Event: 23.716 loading class java/util/Collections$EmptyListIterator
Event: 23.717 loading class java/util/Collections$EmptyListIterator done


Dynamic libraries:
0x00007ff7750d0000 - 0x00007ff7750de000 	C:\Users\dell\.p2\pool\plugins\org.eclipse.justj.openjdk.hotspot.jre.full.win32.x86_64_17.0.1.v20211116-1657\jre\bin\javaw.exe
0x00007ffca2df0000 - 0x00007ffca2fe5000 	C:\Windows\SYSTEM32\ntdll.dll
0x00007ffca2370000 - 0x00007ffca242d000 	C:\Windows\System32\KERNEL32.DLL
0x00007ffca0b60000 - 0x00007ffca0e28000 	C:\Windows\System32\KERNELBASE.dll
0x00007ffc9d330000 - 0x00007ffc9d3c0000 	C:\Windows\SYSTEM32\apphelp.dll
0x00007ffca09d0000 - 0x00007ffca0ad0000 	C:\Windows\System32\ucrtbase.dll
0x00007ffc95800000 - 0x00007ffc95818000 	C:\Users\dell\.p2\pool\plugins\org.eclipse.justj.openjdk.hotspot.jre.full.win32.x86_64_17.0.1.v20211116-1657\jre\bin\jli.dll
0x00007ffc95a10000 - 0x00007ffc95a29000 	C:\Users\dell\.p2\pool\plugins\org.eclipse.justj.openjdk.hotspot.jre.full.win32.x86_64_17.0.1.v20211116-1657\jre\bin\VCRUNTIME140.dll
0x00007ffca0e60000 - 0x00007ffca1000000 	C:\Windows\System32\USER32.dll
0x00007ffca0790000 - 0x00007ffca07b2000 	C:\Windows\System32\win32u.dll
0x00007ffc8b600000 - 0x00007ffc8b89a000 	C:\Windows\WinSxS\amd64_microsoft.windows.common-controls_6595b64144ccf1df_6.0.19041.1052_none_60b8f8fd71f5e8cb\COMCTL32.dll
0x00007ffca2bb0000 - 0x00007ffca2bda000 	C:\Windows\System32\GDI32.dll
0x00007ffca07c0000 - 0x00007ffca08cb000 	C:\Windows\System32\gdi32full.dll
0x00007ffca2b10000 - 0x00007ffca2bae000 	C:\Windows\System32\msvcrt.dll
0x00007ffca0930000 - 0x00007ffca09cd000 	C:\Windows\System32\msvcp_win.dll
0x00007ffca1000000 - 0x00007ffca1030000 	C:\Windows\System32\IMM32.DLL
0x00007ffc674a0000 - 0x00007ffc67544000 	C:\Program Files\McAfee\Endpoint Security\Threat Prevention\Ips\EpMPApi.dll
0x00007ffca1030000 - 0x00007ffca115b000 	C:\Windows\System32\RPCRT4.dll
0x00007ffca21a0000 - 0x00007ffca224c000 	C:\Windows\System32\ADVAPI32.dll
0x00007ffca2250000 - 0x00007ffca22eb000 	C:\Windows\System32\sechost.dll
0x00007ffca08d0000 - 0x00007ffca0930000 	C:\Windows\System32\WINTRUST.dll
0x00007ffca0530000 - 0x00007ffca068f000 	C:\Windows\System32\CRYPT32.dll
0x00007ffca0120000 - 0x00007ffca0132000 	C:\Windows\SYSTEM32\MSASN1.dll
0x0000000054160000 - 0x000000005416c000 	C:\Program Files\McAfee\Endpoint Security\Threat Prevention\Ips\EpMPThe.dll
0x00007ffc60ba0000 - 0x00007ffc60c59000 	C:\Program Files\Common Files\McAfee\SystemCore\mfehcinj.dll
0x00007ffc88c80000 - 0x00007ffc88c90000 	C:\Program Files\Common Files\McAfee\SystemCore\mfehcthe.dll
0x00007ffc8db10000 - 0x00007ffc8db3e000 	C:\Program Files\McAfee\Endpoint Security\Adaptive Threat Protection\mfedeeprem64.dll
0x00007ffca1b50000 - 0x00007ffca1c7a000 	C:\Windows\System32\ole32.dll
0x00007ffca27b0000 - 0x00007ffca2b05000 	C:\Windows\System32\combase.dll
0x00007ffca24d0000 - 0x00007ffca259d000 	C:\Windows\System32\OLEAUT32.dll
0x00007ffc99b40000 - 0x00007ffc99b4c000 	C:\Users\dell\.p2\pool\plugins\org.eclipse.justj.openjdk.hotspot.jre.full.win32.x86_64_17.0.1.v20211116-1657\jre\bin\vcruntime140_1.dll
0x00007ffc875a0000 - 0x00007ffc87631000 	C:\Users\dell\.p2\pool\plugins\org.eclipse.justj.openjdk.hotspot.jre.full.win32.x86_64_17.0.1.v20211116-1657\jre\bin\msvcp140.dll
0x00007ffc2e620000 - 0x00007ffc2f266000 	C:\Users\dell\.p2\pool\plugins\org.eclipse.justj.openjdk.hotspot.jre.full.win32.x86_64_17.0.1.v20211116-1657\jre\bin\server\jvm.dll
0x00007ffca2450000 - 0x00007ffca2458000 	C:\Windows\System32\PSAPI.DLL
0x00007ffc89870000 - 0x00007ffc89879000 	C:\Windows\SYSTEM32\WSOCK32.dll
0x00007ffca2460000 - 0x00007ffca24cb000 	C:\Windows\System32\WS2_32.dll
0x00007ffc8e6c0000 - 0x00007ffc8e6e7000 	C:\Windows\SYSTEM32\WINMM.dll
0x00007ffc995e0000 - 0x00007ffc995ea000 	C:\Windows\SYSTEM32\VERSION.dll
0x00007ffc9ee00000 - 0x00007ffc9ee12000 	C:\Windows\SYSTEM32\kernel.appcore.dll
0x00007ffc99b80000 - 0x00007ffc99b8a000 	C:\Users\dell\.p2\pool\plugins\org.eclipse.justj.openjdk.hotspot.jre.full.win32.x86_64_17.0.1.v20211116-1657\jre\bin\jimage.dll
0x00007ffc9eb00000 - 0x00007ffc9ece4000 	C:\Windows\SYSTEM32\DBGHELP.DLL
0x00007ffc86f90000 - 0x00007ffc86fbc000 	C:\Windows\SYSTEM32\dbgcore.DLL
0x00007ffca0ad0000 - 0x00007ffca0b53000 	C:\Windows\System32\bcryptPrimitives.dll
0x00007ffc8d9c0000 - 0x00007ffc8d9e5000 	C:\Users\dell\.p2\pool\plugins\org.eclipse.justj.openjdk.hotspot.jre.full.win32.x86_64_17.0.1.v20211116-1657\jre\bin\java.dll
0x00007ffc99af0000 - 0x00007ffc99b08000 	C:\Users\dell\.p2\pool\plugins\org.eclipse.justj.openjdk.hotspot.jre.full.win32.x86_64_17.0.1.v20211116-1657\jre\bin\zip.dll
0x00007ffca1210000 - 0x00007ffca194f000 	C:\Windows\System32\SHELL32.dll
0x00007ffc9e2b0000 - 0x00007ffc9ea40000 	C:\Windows\SYSTEM32\windows.storage.dll
0x00007ffc9ffa0000 - 0x00007ffc9ffcc000 	C:\Windows\SYSTEM32\Wldp.dll
0x00007ffca1160000 - 0x00007ffca120e000 	C:\Windows\System32\SHCORE.dll
0x00007ffca2750000 - 0x00007ffca27a5000 	C:\Windows\System32\shlwapi.dll
0x00007ffca0470000 - 0x00007ffca048f000 	C:\Windows\SYSTEM32\profapi.dll
0x00007ffc8e0f0000 - 0x00007ffc8e109000 	C:\Users\dell\.p2\pool\plugins\org.eclipse.justj.openjdk.hotspot.jre.full.win32.x86_64_17.0.1.v20211116-1657\jre\bin\net.dll
0x00007ffc8df70000 - 0x00007ffc8e07b000 	C:\Windows\SYSTEM32\WINHTTP.dll
0x00007ffc9fd10000 - 0x00007ffc9fd7a000 	C:\Windows\system32\mswsock.dll
0x00007ffc8d960000 - 0x00007ffc8d975000 	C:\Users\dell\.p2\pool\plugins\org.eclipse.justj.openjdk.hotspot.jre.full.win32.x86_64_17.0.1.v20211116-1657\jre\bin\nio.dll
0x00007ffc9b9c0000 - 0x00007ffc9b9d0000 	C:\Users\dell\.p2\pool\plugins\org.eclipse.justj.openjdk.hotspot.jre.full.win32.x86_64_17.0.1.v20211116-1657\jre\bin\verify.dll
0x00007ffc9b9b0000 - 0x00007ffc9b9be000 	C:\Users\dell\.p2\pool\plugins\org.eclipse.justj.openjdk.hotspot.jre.full.win32.x86_64_17.0.1.v20211116-1657\jre\bin\sunmscapi.dll
0x00007ffca0010000 - 0x00007ffca0037000 	C:\Windows\SYSTEM32\ncrypt.dll
0x00007ffc9ffd0000 - 0x00007ffca000b000 	C:\Windows\SYSTEM32\NTASN1.dll
0x00007ffc9fee0000 - 0x00007ffc9fef8000 	C:\Windows\SYSTEM32\CRYPTSP.dll
0x00007ffc9f640000 - 0x00007ffc9f674000 	C:\Windows\system32\rsaenh.dll
0x00007ffca0e30000 - 0x00007ffca0e57000 	C:\Windows\System32\bcrypt.dll
0x00007ffca0430000 - 0x00007ffca045e000 	C:\Windows\SYSTEM32\USERENV.dll
0x00007ffc9ff00000 - 0x00007ffc9ff0c000 	C:\Windows\SYSTEM32\CRYPTBASE.dll
0x00007ffc9f9b0000 - 0x00007ffc9f9eb000 	C:\Windows\SYSTEM32\IPHLPAPI.DLL
0x00007ffca2440000 - 0x00007ffca2448000 	C:\Windows\System32\NSI.dll
0x00007ffc957e0000 - 0x00007ffc957f7000 	C:\Windows\SYSTEM32\dhcpcsvc6.DLL
0x00007ffc96450000 - 0x00007ffc9646d000 	C:\Windows\SYSTEM32\dhcpcsvc.DLL
0x00007ffc9f9f0000 - 0x00007ffc9fabc000 	C:\Windows\SYSTEM32\DNSAPI.dll
0x00007ffc8ab70000 - 0x00007ffc8ab7a000 	C:\Windows\System32\rasadhlp.dll
0x00007ffc8db60000 - 0x00007ffc8dbdf000 	C:\Windows\System32\fwpuclnt.dll

dbghelp: loaded successfully - version: 4.0.5 - missing functions: none
symbol engine: initialized successfully - sym options: 0x614 - pdb path: .;C:\Users\dell\.p2\pool\plugins\org.eclipse.justj.openjdk.hotspot.jre.full.win32.x86_64_17.0.1.v20211116-1657\jre\bin;C:\Windows\SYSTEM32;C:\Windows\WinSxS\amd64_microsoft.windows.common-controls_6595b64144ccf1df_6.0.19041.1052_none_60b8f8fd71f5e8cb;C:\Program Files\McAfee\Endpoint Security\Threat Prevention\Ips;C:\Program Files\Common Files\McAfee\SystemCore;C:\Program Files\McAfee\Endpoint Security\Adaptive Threat Protection;C:\Users\dell\.p2\pool\plugins\org.eclipse.justj.openjdk.hotspot.jre.full.win32.x86_64_17.0.1.v20211116-1657\jre\bin\server

VM Arguments:
jvm_args: -Dfile.encoding=Cp1252 -XX:+ShowCodeDetailsInExceptionMessages 
java_command: intro.A
java_class_path (initial): C:\Users\dell\eclipse-workspace\api\target\classes;C:\Users\dell\.m2\repository\org\testng\testng\6.9.10\testng-6.9.10.jar;C:\Users\dell\.m2\repository\com\beust\jcommander\1.48\jcommander-1.48.jar;C:\Users\dell\.m2\repository\org\beanshell\bsh\2.0b4\bsh-2.0b4.jar;C:\Users\dell\.m2\repository\io\rest-assured\rest-assured\3.2.0\rest-assured-3.2.0.jar;C:\Users\dell\.m2\repository\org\codehaus\groovy\groovy\2.4.15\groovy-2.4.15.jar;C:\Users\dell\.m2\repository\org\codehaus\groovy\groovy-xml\2.4.15\groovy-xml-2.4.15.jar;C:\Users\dell\.m2\repository\org\apache\httpcomponents\httpclient\4.5.3\httpclient-4.5.3.jar;C:\Users\dell\.m2\repository\org\apache\httpcomponents\httpcore\4.4.6\httpcore-4.4.6.jar;C:\Users\dell\.m2\repository\commons-logging\commons-logging\1.2\commons-logging-1.2.jar;C:\Users\dell\.m2\repository\commons-codec\commons-codec\1.9\commons-codec-1.9.jar;C:\Users\dell\.m2\repository\org\apache\httpcomponents\httpmime\4.5.1\httpmime-4.5.1.jar;C:\Users\dell\.m2\repository\org\hamcrest\hamcrest-core\1.3\hamcrest-core-1.3.jar;C:\Users\dell\.m2\repository\org\hamcrest\hamcrest-library\1.3\hamcrest-library-1.3.jar;C:\Users\dell\.m2\repository\org\ccil\cowan\tagsoup\tagsoup\1.2.1\tagsoup-1.2.1.jar;C:\Users\dell\.m2\repository\io\rest-assured\xml-path\3.2.0\xml-path-3.2.0.jar;C:\Users\dell\.m2\repository\org\apache\commons\commons-lang3\3.4\commons-lang3-3.4.jar;C:\Users\dell\.m2\repository\javax\xml\bind\jaxb-api\2.2.12\jaxb-api-2.2.12.jar;C:\Users\dell\.m2\repository\com\sun\xml\bind\jaxb-osgi\2.2.10\jaxb-osgi-2.2.10.jar;C:\Users\dell\.m2\repository\org\apache\sling\org.apache.sling.javax.activation\0.1.0\org.apache.sling.javax.activation-0.1.0.jar;C:\Users\dell\.m2\repository\javax\activation\activation\1.1.1\activation-1.1.1.jar;C:\Users\dell\.m2\repository\io\rest-assured\json-path\3.2.0\json-path-3.2.0.jar;C:\Users\dell\.m2\repository\org\codehaus\groovy\groovy-json\2.4.15\groovy-json-2.4.15.jar;C:\Users\dell\.m2\repository\io\res
Launcher Type: SUN_STANDARD

[Global flags]
     intx CICompilerCount                          = 3                                         {product} {ergonomic}
     uint ConcGCThreads                            = 1                                         {product} {ergonomic}
     uint G1ConcRefinementThreads                  = 4                                         {product} {ergonomic}
   size_t G1HeapRegionSize                         = 1048576                                   {product} {ergonomic}
    uintx GCDrainStackTargetSize                   = 64                                        {product} {ergonomic}
   size_t InitialHeapSize                          = 67108864                                  {product} {ergonomic}
   size_t MarkStackSize                            = 4194304                                   {product} {ergonomic}
   size_t MaxHeapSize                              = 1046478848                                {product} {ergonomic}
   size_t MaxNewSize                               = 627048448                                 {product} {ergonomic}
   size_t MinHeapDeltaBytes                        = 1048576                                   {product} {ergonomic}
   size_t MinHeapSize                              = 8388608                                   {product} {ergonomic}
    uintx NonNMethodCodeHeapSize                   = 5832780                                {pd product} {ergonomic}
    uintx NonProfiledCodeHeapSize                  = 122912730                              {pd product} {ergonomic}
    uintx ProfiledCodeHeapSize                     = 122912730                              {pd product} {ergonomic}
    uintx ReservedCodeCacheSize                    = 251658240                              {pd product} {ergonomic}
     bool SegmentedCodeCache                       = true                                      {product} {ergonomic}
     bool ShowCodeDetailsInExceptionMessages       = true                                   {manageable} {command line}
   size_t SoftMaxHeapSize                          = 1046478848                             {manageable} {ergonomic}
     bool UseCompressedClassPointers               = true                           {product lp64_product} {ergonomic}
     bool UseCompressedOops                        = true                           {product lp64_product} {ergonomic}
     bool UseG1GC                                  = true                                      {product} {ergonomic}
     bool UseLargePagesIndividualAllocation        = false                                  {pd product} {ergonomic}

Logging:
Log output configuration:
 #0: stdout all=warning uptime,level,tags
 #1: stderr all=off uptime,level,tags

Environment Variables:
JAVA_HOME=C:\Program Files\Java\jdk1.8.0_311
PATH=C:/Users/dell/.p2/pool/plugins/org.eclipse.justj.openjdk.hotspot.jre.full.win32.x86_64_17.0.1.v20211116-1657/jre/bin/server;C:/Users/dell/.p2/pool/plugins/org.eclipse.justj.openjdk.hotspot.jre.full.win32.x86_64_17.0.1.v20211116-1657/jre/bin;C:\Program Files (x86)\Microsoft SDKs\Azure\CLI2\wbin;C:\Program Files (x86)\Common Files\Oracle\Java\javapath;C:\Windows\system32;C:\Windows;C:\Windows\System32\Wbem;C:\Windows\System32\WindowsPowerShell\v1.0\;C:\Windows\System32\OpenSSH\;C:\Program Files\WireGuard\;C:\Program Files (x86)\Microsoft SQL Server\150\DTS\Binn\;C:\Program Files\Azure Data Studio\bin;C:\Program Files\Kubernetes\Minikube;C:\Users\dell\AppData\Local\Microsoft\WindowsApps;;C:\Program Files\Azure Data Studio\bin;C:\Users\dell\OneDrive - Arimon Digilytics Pvt Ltd\Desktop;
USERNAME=dell
OS=Windows_NT
PROCESSOR_IDENTIFIER=Intel64 Family 6 Model 142 Stepping 9, GenuineIntel



---------------  S Y S T E M  ---------------

OS:
 Windows 10 , 64 bit Build 19041 (10.0.19041.1023)
OS uptime: 12 days 2:12 hours

CPU: total 4 (initial active 4) (2 cores per cpu, 2 threads per core) family 6 model 142 stepping 9 microcode 0xea, cx8, cmov, fxsr, ht, mmx, 3dnowpref, sse, sse2, sse3, ssse3, sse4.1, sse4.2, popcnt, lzcnt, tsc, tscinvbit, avx, avx2, aes, erms, clmul, bmi1, bmi2, adx, fma, vzeroupper, clflush, clflushopt

Memory: 4k page, system-wide physical 3991M (169M free)
TotalPageFile size 16279M (AvailPageFile size 3M)
current process WorkingSet (physical memory assigned to process): 154M, peak: 155M
current process commit charge ("private bytes"): 184M, peak: 184M

vm_info: OpenJDK 64-Bit Server VM (17.0.1+12) for windows-amd64 JRE (17.0.1+12), built on Oct 20 2021 07:42:55 by "" with MS VC++ 16.7 (VS2019)

END.
